
> niche-finder@0.1.0 dev
> next dev

  ▲ Next.js 14.2.3
  - Local:        http://localhost:3000
  - Environments: .env.local, .env

 ✓ Starting...
 ✓ Ready in 4.4s
 ○ Compiling /middleware ...
 ✓ Compiled /middleware in 1363ms (175 modules)
 ○ Compiling /channels/long-form ...
 ✓ Compiled /channels/long-form in 6.8s (838 modules)
prisma:query SELECT `main`.`User`.`id`, `main`.`User`.`role`, `main`.`User`.`status` FROM `main`.`User` WHERE (`main`.`User`.`email` = ? AND 1=1) LIMIT ? OFFSET ?
 ✓ Compiled in 882ms (308 modules)
 GET /channels/long-form 200 in 7730ms
 ○ Compiling /api/auth/[...nextauth] ...
 ✓ Compiled /api/auth/[...nextauth] in 5.5s (558 modules)
 ✓ Compiled (560 modules)
prisma:query SELECT COUNT(*) FROM (SELECT `main`.`Channel`.`id` FROM `main`.`Channel` WHERE (`main`.`Channel`.`channelType` = ? AND `main`.`Channel`.`isActive` = ? AND `main`.`Channel`.`subscribers` >= ? AND `main`.`Channel`.`subscribers` <= ? AND `main`.`Channel`.`avgViewsPerVideo` >= ? AND `main`.`Channel`.`avgViewsPerVideo` <= ? AND `main`.`Channel`.`outlierScore` >= ? AND `main`.`Channel`.`outlierScore` <= ? AND `main`.`Channel`.`totalVideos` >= ? AND `main`.`Channel`.`totalVideos` <= ?) LIMIT ? OFFSET ?) AS `sub`
prisma:query SELECT `main`.`Channel`.`id`, `main`.`Channel`.`channelId`, `main`.`Channel`.`channelName`, `main`.`Channel`.`channelHandle`, `main`.`Channel`.`thumbnailUrl`, `main`.`Channel`.`subscribers`, `main`.`Channel`.`totalVideos`, `main`.`Channel`.`totalViews`, `main`.`Channel`.`channelType`, `main`.`Channel`.`niche`, `main`.`Channel`.`daysSinceStart`, `main`.`Channel`.`avgViewsPerVideo`, `main`.`Channel`.`outlierScore`, `main`.`Channel`.`isMonetized`, `main`.`Channel`.`isActive`, `main`.`Channel`.`sortOrder`, `main`.`Channel`.`createdAt`, `main`.`Channel`.`updatedAt` FROM `main`.`Channel` WHERE (`main`.`Channel`.`channelType` = ? AND `main`.`Channel`.`isActive` = ? AND `main`.`Channel`.`subscribers` >= ? AND `main`.`Channel`.`subscribers` <= ? AND `main`.`Channel`.`avgViewsPerVideo` >= ? AND `main`.`Channel`.`avgViewsPerVideo` <= ? AND `main`.`Channel`.`outlierScore` >= ? AND `main`.`Channel`.`outlierScore` <= ? AND `main`.`Channel`.`totalVideos` >= ? AND `main`.`Channel`.`totalVideos` <= ?) ORDER BY `main`.`Channel`.`createdAt` DESC LIMIT ? OFFSET ?
prisma:query SELECT `main`.`Video`.`id`, `main`.`Video`.`videoId`, `main`.`Video`.`channelId`, `main`.`Video`.`title`, `main`.`Video`.`thumbnailUrl`, `main`.`Video`.`views`, `main`.`Video`.`duration`, `main`.`Video`.`publishedAt` FROM `main`.`Video` WHERE `main`.`Video`.`channelId` IN (?,?,?,?,?,?,?,?,?,?,?,?,?,?,?,?,?,?,?,?) ORDER BY `main`.`Video`.`views` DESC LIMIT ? OFFSET ?
 GET /api/channels?type=long_form&filter=all&sort=created_at&order=desc&search=&page=1&limit=20&niches=&monetization=all&subsMin=0&subsMax=50000000&avgViewsMin=0&avgViewsMax=10000000&outlierMin=0&outlierMax=100&totalVideosMin=0&totalVideosMax=10000 200 in 5816ms
prisma:query SELECT COUNT(*) FROM (SELECT `main`.`Channel`.`id` FROM `main`.`Channel` WHERE (`main`.`Channel`.`channelType` = ? AND `main`.`Channel`.`isActive` = ? AND `main`.`Channel`.`subscribers` >= ? AND `main`.`Channel`.`subscribers` <= ? AND `main`.`Channel`.`avgViewsPerVideo` >= ? AND `main`.`Channel`.`avgViewsPerVideo` <= ? AND `main`.`Channel`.`outlierScore` >= ? AND `main`.`Channel`.`outlierScore` <= ? AND `main`.`Channel`.`totalVideos` >= ? AND `main`.`Channel`.`totalVideos` <= ?) LIMIT ? OFFSET ?) AS `sub`
prisma:query SELECT `main`.`Channel`.`id`, `main`.`Channel`.`channelId`, `main`.`Channel`.`channelName`, `main`.`Channel`.`channelHandle`, `main`.`Channel`.`thumbnailUrl`, `main`.`Channel`.`subscribers`, `main`.`Channel`.`totalVideos`, `main`.`Channel`.`totalViews`, `main`.`Channel`.`channelType`, `main`.`Channel`.`niche`, `main`.`Channel`.`daysSinceStart`, `main`.`Channel`.`avgViewsPerVideo`, `main`.`Channel`.`outlierScore`, `main`.`Channel`.`isMonetized`, `main`.`Channel`.`isActive`, `main`.`Channel`.`sortOrder`, `main`.`Channel`.`createdAt`, `main`.`Channel`.`updatedAt` FROM `main`.`Channel` WHERE (`main`.`Channel`.`channelType` = ? AND `main`.`Channel`.`isActive` = ? AND `main`.`Channel`.`subscribers` >= ? AND `main`.`Channel`.`subscribers` <= ? AND `main`.`Channel`.`avgViewsPerVideo` >= ? AND `main`.`Channel`.`avgViewsPerVideo` <= ? AND `main`.`Channel`.`outlierScore` >= ? AND `main`.`Channel`.`outlierScore` <= ? AND `main`.`Channel`.`totalVideos` >= ? AND `main`.`Channel`.`totalVideos` <= ?) ORDER BY `main`.`Channel`.`createdAt` DESC LIMIT ? OFFSET ?
prisma:query SELECT `main`.`Video`.`id`, `main`.`Video`.`videoId`, `main`.`Video`.`channelId`, `main`.`Video`.`title`, `main`.`Video`.`thumbnailUrl`, `main`.`Video`.`views`, `main`.`Video`.`duration`, `main`.`Video`.`publishedAt` FROM `main`.`Video` WHERE `main`.`Video`.`channelId` IN (?,?,?,?,?,?,?,?,?,?,?,?,?,?,?,?,?,?,?,?) ORDER BY `main`.`Video`.`views` DESC LIMIT ? OFFSET ?
 GET /api/channels?type=long_form&filter=all&sort=created_at&order=desc&search=&page=1&limit=20&niches=&monetization=all&subsMin=0&subsMax=50000000&avgViewsMin=0&avgViewsMax=10000000&outlierMin=0&outlierMax=100&totalVideosMin=0&totalVideosMax=10000 200 in 15ms
prisma:query SELECT `main`.`User`.`id`, `main`.`User`.`role`, `main`.`User`.`status` FROM `main`.`User` WHERE (`main`.`User`.`email` = ? AND 1=1) LIMIT ? OFFSET ?
 GET /api/auth/session 200 in 6342ms
prisma:query SELECT 1
prisma:query SELECT `main`.`User`.`id`, `main`.`User`.`role`, `main`.`User`.`status` FROM `main`.`User` WHERE (`main`.`User`.`email` = ? AND 1=1) LIMIT ? OFFSET ?
 GET /api/auth/session 200 in 767ms
prisma:query SELECT 1
prisma:query SELECT `main`.`User`.`id`, `main`.`User`.`role`, `main`.`User`.`status` FROM `main`.`User` WHERE (`main`.`User`.`email` = ? AND 1=1) LIMIT ? OFFSET ?
 GET /api/auth/session 200 in 210ms
prisma:query SELECT 1
prisma:query SELECT `main`.`User`.`id`, `main`.`User`.`role`, `main`.`User`.`status` FROM `main`.`User` WHERE (`main`.`User`.`email` = ? AND 1=1) LIMIT ? OFFSET ?
 GET /api/auth/session 200 in 606ms
prisma:query SELECT 1
prisma:query SELECT `main`.`User`.`id`, `main`.`User`.`role`, `main`.`User`.`status` FROM `main`.`User` WHERE (`main`.`User`.`email` = ? AND 1=1) LIMIT ? OFFSET ?
 GET /api/auth/session 200 in 40ms
prisma:query SELECT 1
prisma:query SELECT `main`.`User`.`id`, `main`.`User`.`role`, `main`.`User`.`status` FROM `main`.`User` WHERE (`main`.`User`.`email` = ? AND 1=1) LIMIT ? OFFSET ?
 GET /channels/long-form 200 in 386ms
prisma:query SELECT 1
prisma:query SELECT COUNT(*) FROM (SELECT `main`.`Channel`.`id` FROM `main`.`Channel` WHERE (`main`.`Channel`.`channelType` = ? AND `main`.`Channel`.`isActive` = ? AND `main`.`Channel`.`subscribers` >= ? AND `main`.`Channel`.`subscribers` <= ? AND `main`.`Channel`.`avgViewsPerVideo` >= ? AND `main`.`Channel`.`avgViewsPerVideo` <= ? AND `main`.`Channel`.`outlierScore` >= ? AND `main`.`Channel`.`outlierScore` <= ? AND `main`.`Channel`.`totalVideos` >= ? AND `main`.`Channel`.`totalVideos` <= ?) LIMIT ? OFFSET ?) AS `sub`
prisma:query SELECT `main`.`Channel`.`id`, `main`.`Channel`.`channelId`, `main`.`Channel`.`channelName`, `main`.`Channel`.`channelHandle`, `main`.`Channel`.`thumbnailUrl`, `main`.`Channel`.`subscribers`, `main`.`Channel`.`totalVideos`, `main`.`Channel`.`totalViews`, `main`.`Channel`.`channelType`, `main`.`Channel`.`niche`, `main`.`Channel`.`daysSinceStart`, `main`.`Channel`.`avgViewsPerVideo`, `main`.`Channel`.`outlierScore`, `main`.`Channel`.`isMonetized`, `main`.`Channel`.`isActive`, `main`.`Channel`.`sortOrder`, `main`.`Channel`.`createdAt`, `main`.`Channel`.`updatedAt` FROM `main`.`Channel` WHERE (`main`.`Channel`.`channelType` = ? AND `main`.`Channel`.`isActive` = ? AND `main`.`Channel`.`subscribers` >= ? AND `main`.`Channel`.`subscribers` <= ? AND `main`.`Channel`.`avgViewsPerVideo` >= ? AND `main`.`Channel`.`avgViewsPerVideo` <= ? AND `main`.`Channel`.`outlierScore` >= ? AND `main`.`Channel`.`outlierScore` <= ? AND `main`.`Channel`.`totalVideos` >= ? AND `main`.`Channel`.`totalVideos` <= ?) ORDER BY `main`.`Channel`.`createdAt` DESC LIMIT ? OFFSET ?
prisma:query SELECT `main`.`Video`.`id`, `main`.`Video`.`videoId`, `main`.`Video`.`channelId`, `main`.`Video`.`title`, `main`.`Video`.`thumbnailUrl`, `main`.`Video`.`views`, `main`.`Video`.`duration`, `main`.`Video`.`publishedAt` FROM `main`.`Video` WHERE `main`.`Video`.`channelId` IN (?,?,?,?,?,?,?,?,?,?,?,?,?,?,?,?,?,?,?,?) ORDER BY `main`.`Video`.`views` DESC LIMIT ? OFFSET ?
 GET /api/channels?type=long_form&filter=all&sort=created_at&order=desc&search=&page=1&limit=20&niches=&monetization=all&subsMin=0&subsMax=50000000&avgViewsMin=0&avgViewsMax=10000000&outlierMin=0&outlierMax=100&totalVideosMin=0&totalVideosMax=10000 200 in 64ms
prisma:query SELECT `main`.`User`.`id`, `main`.`User`.`role`, `main`.`User`.`status` FROM `main`.`User` WHERE (`main`.`User`.`email` = ? AND 1=1) LIMIT ? OFFSET ?
 GET /api/auth/session 200 in 77ms
prisma:query SELECT COUNT(*) FROM (SELECT `main`.`Channel`.`id` FROM `main`.`Channel` WHERE (`main`.`Channel`.`channelType` = ? AND `main`.`Channel`.`isActive` = ? AND `main`.`Channel`.`subscribers` >= ? AND `main`.`Channel`.`subscribers` <= ? AND `main`.`Channel`.`avgViewsPerVideo` >= ? AND `main`.`Channel`.`avgViewsPerVideo` <= ? AND `main`.`Channel`.`outlierScore` >= ? AND `main`.`Channel`.`outlierScore` <= ? AND `main`.`Channel`.`totalVideos` >= ? AND `main`.`Channel`.`totalVideos` <= ?) LIMIT ? OFFSET ?) AS `sub`
prisma:query SELECT `main`.`Channel`.`id`, `main`.`Channel`.`channelId`, `main`.`Channel`.`channelName`, `main`.`Channel`.`channelHandle`, `main`.`Channel`.`thumbnailUrl`, `main`.`Channel`.`subscribers`, `main`.`Channel`.`totalVideos`, `main`.`Channel`.`totalViews`, `main`.`Channel`.`channelType`, `main`.`Channel`.`niche`, `main`.`Channel`.`daysSinceStart`, `main`.`Channel`.`avgViewsPerVideo`, `main`.`Channel`.`outlierScore`, `main`.`Channel`.`isMonetized`, `main`.`Channel`.`isActive`, `main`.`Channel`.`sortOrder`, `main`.`Channel`.`createdAt`, `main`.`Channel`.`updatedAt` FROM `main`.`Channel` WHERE (`main`.`Channel`.`channelType` = ? AND `main`.`Channel`.`isActive` = ? AND `main`.`Channel`.`subscribers` >= ? AND `main`.`Channel`.`subscribers` <= ? AND `main`.`Channel`.`avgViewsPerVideo` >= ? AND `main`.`Channel`.`avgViewsPerVideo` <= ? AND `main`.`Channel`.`outlierScore` >= ? AND `main`.`Channel`.`outlierScore` <= ? AND `main`.`Channel`.`totalVideos` >= ? AND `main`.`Channel`.`totalVideos` <= ?) ORDER BY `main`.`Channel`.`createdAt` DESC LIMIT ? OFFSET ?
prisma:query SELECT `main`.`Video`.`id`, `main`.`Video`.`videoId`, `main`.`Video`.`channelId`, `main`.`Video`.`title`, `main`.`Video`.`thumbnailUrl`, `main`.`Video`.`views`, `main`.`Video`.`duration`, `main`.`Video`.`publishedAt` FROM `main`.`Video` WHERE `main`.`Video`.`channelId` IN (?,?,?,?,?,?,?,?,?,?,?,?,?,?,?,?,?,?,?,?) ORDER BY `main`.`Video`.`views` DESC LIMIT ? OFFSET ?
 GET /api/channels?type=long_form&filter=all&sort=created_at&order=desc&search=&page=1&limit=20&niches=&monetization=all&subsMin=0&subsMax=50000000&avgViewsMin=0&avgViewsMax=10000000&outlierMin=0&outlierMax=100&totalVideosMin=0&totalVideosMax=10000 200 in 49ms
prisma:query SELECT `main`.`User`.`id`, `main`.`User`.`role`, `main`.`User`.`status` FROM `main`.`User` WHERE (`main`.`User`.`email` = ? AND 1=1) LIMIT ? OFFSET ?
 GET /api/auth/session 200 in 62ms
prisma:query SELECT 1
prisma:query SELECT `main`.`User`.`id`, `main`.`User`.`role`, `main`.`User`.`status` FROM `main`.`User` WHERE (`main`.`User`.`email` = ? AND 1=1) LIMIT ? OFFSET ?
 GET /api/auth/session 200 in 30ms
prisma:query SELECT `main`.`User`.`id`, `main`.`User`.`role`, `main`.`User`.`status` FROM `main`.`User` WHERE (`main`.`User`.`email` = ? AND 1=1) LIMIT ? OFFSET ?
 GET /api/auth/session 200 in 16ms
prisma:query SELECT `main`.`User`.`id`, `main`.`User`.`role`, `main`.`User`.`status` FROM `main`.`User` WHERE (`main`.`User`.`email` = ? AND 1=1) LIMIT ? OFFSET ?
 GET /api/auth/session 200 in 36ms
prisma:query SELECT `main`.`User`.`id`, `main`.`User`.`role`, `main`.`User`.`status` FROM `main`.`User` WHERE (`main`.`User`.`email` = ? AND 1=1) LIMIT ? OFFSET ?
 GET /api/auth/session 200 in 14ms
prisma:query SELECT 1
prisma:query SELECT `main`.`User`.`id`, `main`.`User`.`role`, `main`.`User`.`status` FROM `main`.`User` WHERE (`main`.`User`.`email` = ? AND 1=1) LIMIT ? OFFSET ?
 GET /api/auth/session 200 in 39ms
prisma:query SELECT `main`.`User`.`id`, `main`.`User`.`role`, `main`.`User`.`status` FROM `main`.`User` WHERE (`main`.`User`.`email` = ? AND 1=1) LIMIT ? OFFSET ?
 GET /api/auth/session 200 in 17ms
prisma:query SELECT 1
prisma:query SELECT `main`.`User`.`id`, `main`.`User`.`role`, `main`.`User`.`status` FROM `main`.`User` WHERE (`main`.`User`.`email` = ? AND 1=1) LIMIT ? OFFSET ?
 GET /api/auth/session 200 in 109ms
prisma:query SELECT `main`.`User`.`id`, `main`.`User`.`role`, `main`.`User`.`status` FROM `main`.`User` WHERE (`main`.`User`.`email` = ? AND 1=1) LIMIT ? OFFSET ?
 GET /api/auth/session 200 in 50ms
prisma:query SELECT 1
prisma:query SELECT `main`.`User`.`id`, `main`.`User`.`role`, `main`.`User`.`status` FROM `main`.`User` WHERE (`main`.`User`.`email` = ? AND 1=1) LIMIT ? OFFSET ?
 GET /api/auth/session 200 in 35ms
prisma:query SELECT `main`.`User`.`id`, `main`.`User`.`role`, `main`.`User`.`status` FROM `main`.`User` WHERE (`main`.`User`.`email` = ? AND 1=1) LIMIT ? OFFSET ?
 GET /api/auth/session 200 in 23ms
prisma:query SELECT `main`.`User`.`id`, `main`.`User`.`role`, `main`.`User`.`status` FROM `main`.`User` WHERE (`main`.`User`.`email` = ? AND 1=1) LIMIT ? OFFSET ?
 GET /api/auth/session 200 in 37ms
prisma:query SELECT `main`.`User`.`id`, `main`.`User`.`role`, `main`.`User`.`status` FROM `main`.`User` WHERE (`main`.`User`.`email` = ? AND 1=1) LIMIT ? OFFSET ?
 GET /api/auth/session 200 in 17ms
prisma:query SELECT `main`.`User`.`id`, `main`.`User`.`role`, `main`.`User`.`status` FROM `main`.`User` WHERE (`main`.`User`.`email` = ? AND 1=1) LIMIT ? OFFSET ?
 GET /api/auth/session 200 in 36ms
prisma:query SELECT 1
prisma:query SELECT 1
prisma:query SELECT COUNT(*) FROM (SELECT `main`.`Channel`.`id` FROM `main`.`Channel` WHERE (`main`.`Channel`.`channelType` = ? AND `main`.`Channel`.`isActive` = ? AND `main`.`Channel`.`subscribers` >= ? AND `main`.`Channel`.`subscribers` <= ? AND `main`.`Channel`.`avgViewsPerVideo` >= ? AND `main`.`Channel`.`avgViewsPerVideo` <= ? AND `main`.`Channel`.`outlierScore` >= ? AND `main`.`Channel`.`outlierScore` <= ? AND `main`.`Channel`.`totalVideos` >= ? AND `main`.`Channel`.`totalVideos` <= ?) LIMIT ? OFFSET ?) AS `sub`
prisma:query SELECT `main`.`Channel`.`id`, `main`.`Channel`.`channelId`, `main`.`Channel`.`channelName`, `main`.`Channel`.`channelHandle`, `main`.`Channel`.`thumbnailUrl`, `main`.`Channel`.`subscribers`, `main`.`Channel`.`totalVideos`, `main`.`Channel`.`totalViews`, `main`.`Channel`.`channelType`, `main`.`Channel`.`niche`, `main`.`Channel`.`daysSinceStart`, `main`.`Channel`.`avgViewsPerVideo`, `main`.`Channel`.`outlierScore`, `main`.`Channel`.`isMonetized`, `main`.`Channel`.`isActive`, `main`.`Channel`.`sortOrder`, `main`.`Channel`.`createdAt`, `main`.`Channel`.`updatedAt` FROM `main`.`Channel` WHERE (`main`.`Channel`.`channelType` = ? AND `main`.`Channel`.`isActive` = ? AND `main`.`Channel`.`subscribers` >= ? AND `main`.`Channel`.`subscribers` <= ? AND `main`.`Channel`.`avgViewsPerVideo` >= ? AND `main`.`Channel`.`avgViewsPerVideo` <= ? AND `main`.`Channel`.`outlierScore` >= ? AND `main`.`Channel`.`outlierScore` <= ? AND `main`.`Channel`.`totalVideos` >= ? AND `main`.`Channel`.`totalVideos` <= ?) ORDER BY `main`.`Channel`.`createdAt` DESC LIMIT ? OFFSET ?
prisma:query SELECT `main`.`Video`.`id`, `main`.`Video`.`videoId`, `main`.`Video`.`channelId`, `main`.`Video`.`title`, `main`.`Video`.`thumbnailUrl`, `main`.`Video`.`views`, `main`.`Video`.`duration`, `main`.`Video`.`publishedAt` FROM `main`.`Video` WHERE `main`.`Video`.`channelId` IN (?,?,?,?,?,?,?,?,?,?,?,?,?,?,?,?,?,?,?,?) ORDER BY `main`.`Video`.`views` DESC LIMIT ? OFFSET ?
 GET /api/channels?type=long_form&filter=all&sort=created_at&order=desc&search=&page=2&limit=20&niches=&monetization=all&subsMin=0&subsMax=50000000&avgViewsMin=0&avgViewsMax=10000000&outlierMin=0&outlierMax=100&totalVideosMin=0&totalVideosMax=10000 200 in 19ms
prisma:query SELECT `main`.`User`.`id`, `main`.`User`.`role`, `main`.`User`.`status` FROM `main`.`User` WHERE (`main`.`User`.`email` = ? AND 1=1) LIMIT ? OFFSET ?
 GET /api/auth/session 200 in 32ms
prisma:query SELECT 1
prisma:query SELECT `main`.`User`.`id`, `main`.`User`.`role`, `main`.`User`.`status` FROM `main`.`User` WHERE (`main`.`User`.`email` = ? AND 1=1) LIMIT ? OFFSET ?
 GET /api/auth/session 200 in 25ms
prisma:query SELECT 1
prisma:query SELECT 1
prisma:query SELECT COUNT(*) FROM (SELECT `main`.`Channel`.`id` FROM `main`.`Channel` WHERE (`main`.`Channel`.`channelType` = ? AND `main`.`Channel`.`isActive` = ? AND `main`.`Channel`.`subscribers` >= ? AND `main`.`Channel`.`subscribers` <= ? AND `main`.`Channel`.`avgViewsPerVideo` >= ? AND `main`.`Channel`.`avgViewsPerVideo` <= ? AND `main`.`Channel`.`outlierScore` >= ? AND `main`.`Channel`.`outlierScore` <= ? AND `main`.`Channel`.`totalVideos` >= ? AND `main`.`Channel`.`totalVideos` <= ?) LIMIT ? OFFSET ?) AS `sub`
prisma:query SELECT `main`.`Channel`.`id`, `main`.`Channel`.`channelId`, `main`.`Channel`.`channelName`, `main`.`Channel`.`channelHandle`, `main`.`Channel`.`thumbnailUrl`, `main`.`Channel`.`subscribers`, `main`.`Channel`.`totalVideos`, `main`.`Channel`.`totalViews`, `main`.`Channel`.`channelType`, `main`.`Channel`.`niche`, `main`.`Channel`.`daysSinceStart`, `main`.`Channel`.`avgViewsPerVideo`, `main`.`Channel`.`outlierScore`, `main`.`Channel`.`isMonetized`, `main`.`Channel`.`isActive`, `main`.`Channel`.`sortOrder`, `main`.`Channel`.`createdAt`, `main`.`Channel`.`updatedAt` FROM `main`.`Channel` WHERE (`main`.`Channel`.`channelType` = ? AND `main`.`Channel`.`isActive` = ? AND `main`.`Channel`.`subscribers` >= ? AND `main`.`Channel`.`subscribers` <= ? AND `main`.`Channel`.`avgViewsPerVideo` >= ? AND `main`.`Channel`.`avgViewsPerVideo` <= ? AND `main`.`Channel`.`outlierScore` >= ? AND `main`.`Channel`.`outlierScore` <= ? AND `main`.`Channel`.`totalVideos` >= ? AND `main`.`Channel`.`totalVideos` <= ?) ORDER BY `main`.`Channel`.`createdAt` DESC LIMIT ? OFFSET ?
prisma:query SELECT `main`.`Video`.`id`, `main`.`Video`.`videoId`, `main`.`Video`.`channelId`, `main`.`Video`.`title`, `main`.`Video`.`thumbnailUrl`, `main`.`Video`.`views`, `main`.`Video`.`duration`, `main`.`Video`.`publishedAt` FROM `main`.`Video` WHERE `main`.`Video`.`channelId` IN (?,?,?,?,?,?,?,?,?,?,?,?,?,?,?,?,?,?,?,?) ORDER BY `main`.`Video`.`views` DESC LIMIT ? OFFSET ?
 GET /api/channels?type=long_form&filter=all&sort=created_at&order=desc&search=&page=3&limit=20&niches=&monetization=all&subsMin=0&subsMax=50000000&avgViewsMin=0&avgViewsMax=10000000&outlierMin=0&outlierMax=100&totalVideosMin=0&totalVideosMax=10000 200 in 26ms
prisma:query SELECT 1
prisma:query SELECT 1
prisma:query SELECT COUNT(*) FROM (SELECT `main`.`Channel`.`id` FROM `main`.`Channel` WHERE (`main`.`Channel`.`channelType` = ? AND `main`.`Channel`.`isActive` = ? AND `main`.`Channel`.`subscribers` >= ? AND `main`.`Channel`.`subscribers` <= ? AND `main`.`Channel`.`avgViewsPerVideo` >= ? AND `main`.`Channel`.`avgViewsPerVideo` <= ? AND `main`.`Channel`.`outlierScore` >= ? AND `main`.`Channel`.`outlierScore` <= ? AND `main`.`Channel`.`totalVideos` >= ? AND `main`.`Channel`.`totalVideos` <= ?) LIMIT ? OFFSET ?) AS `sub`
prisma:query SELECT `main`.`Channel`.`id`, `main`.`Channel`.`channelId`, `main`.`Channel`.`channelName`, `main`.`Channel`.`channelHandle`, `main`.`Channel`.`thumbnailUrl`, `main`.`Channel`.`subscribers`, `main`.`Channel`.`totalVideos`, `main`.`Channel`.`totalViews`, `main`.`Channel`.`channelType`, `main`.`Channel`.`niche`, `main`.`Channel`.`daysSinceStart`, `main`.`Channel`.`avgViewsPerVideo`, `main`.`Channel`.`outlierScore`, `main`.`Channel`.`isMonetized`, `main`.`Channel`.`isActive`, `main`.`Channel`.`sortOrder`, `main`.`Channel`.`createdAt`, `main`.`Channel`.`updatedAt` FROM `main`.`Channel` WHERE (`main`.`Channel`.`channelType` = ? AND `main`.`Channel`.`isActive` = ? AND `main`.`Channel`.`subscribers` >= ? AND `main`.`Channel`.`subscribers` <= ? AND `main`.`Channel`.`avgViewsPerVideo` >= ? AND `main`.`Channel`.`avgViewsPerVideo` <= ? AND `main`.`Channel`.`outlierScore` >= ? AND `main`.`Channel`.`outlierScore` <= ? AND `main`.`Channel`.`totalVideos` >= ? AND `main`.`Channel`.`totalVideos` <= ?) ORDER BY `main`.`Channel`.`createdAt` DESC LIMIT ? OFFSET ?
prisma:query SELECT `main`.`Video`.`id`, `main`.`Video`.`videoId`, `main`.`Video`.`channelId`, `main`.`Video`.`title`, `main`.`Video`.`thumbnailUrl`, `main`.`Video`.`views`, `main`.`Video`.`duration`, `main`.`Video`.`publishedAt` FROM `main`.`Video` WHERE `main`.`Video`.`channelId` IN (?,?,?,?,?,?,?,?,?,?,?,?,?,?,?,?,?,?,?,?) ORDER BY `main`.`Video`.`views` DESC LIMIT ? OFFSET ?
 GET /api/channels?type=long_form&filter=all&sort=created_at&order=desc&search=&page=4&limit=20&niches=&monetization=all&subsMin=0&subsMax=50000000&avgViewsMin=0&avgViewsMax=10000000&outlierMin=0&outlierMax=100&totalVideosMin=0&totalVideosMax=10000 200 in 25ms
prisma:query SELECT 1
prisma:query SELECT `main`.`User`.`id`, `main`.`User`.`role`, `main`.`User`.`status` FROM `main`.`User` WHERE (`main`.`User`.`email` = ? AND 1=1) LIMIT ? OFFSET ?
 GET /channels/long-form 200 in 86ms
prisma:query SELECT `main`.`User`.`id`, `main`.`User`.`role`, `main`.`User`.`status` FROM `main`.`User` WHERE (`main`.`User`.`email` = ? AND 1=1) LIMIT ? OFFSET ?
 GET /api/auth/session 200 in 40ms
prisma:query SELECT 1
prisma:query SELECT COUNT(*) FROM (SELECT `main`.`Channel`.`id` FROM `main`.`Channel` WHERE (`main`.`Channel`.`channelType` = ? AND `main`.`Channel`.`isActive` = ? AND `main`.`Channel`.`subscribers` >= ? AND `main`.`Channel`.`subscribers` <= ? AND `main`.`Channel`.`avgViewsPerVideo` >= ? AND `main`.`Channel`.`avgViewsPerVideo` <= ? AND `main`.`Channel`.`outlierScore` >= ? AND `main`.`Channel`.`outlierScore` <= ? AND `main`.`Channel`.`totalVideos` >= ? AND `main`.`Channel`.`totalVideos` <= ?) LIMIT ? OFFSET ?) AS `sub`
prisma:query SELECT `main`.`Channel`.`id`, `main`.`Channel`.`channelId`, `main`.`Channel`.`channelName`, `main`.`Channel`.`channelHandle`, `main`.`Channel`.`thumbnailUrl`, `main`.`Channel`.`subscribers`, `main`.`Channel`.`totalVideos`, `main`.`Channel`.`totalViews`, `main`.`Channel`.`channelType`, `main`.`Channel`.`niche`, `main`.`Channel`.`daysSinceStart`, `main`.`Channel`.`avgViewsPerVideo`, `main`.`Channel`.`outlierScore`, `main`.`Channel`.`isMonetized`, `main`.`Channel`.`isActive`, `main`.`Channel`.`sortOrder`, `main`.`Channel`.`createdAt`, `main`.`Channel`.`updatedAt` FROM `main`.`Channel` WHERE (`main`.`Channel`.`channelType` = ? AND `main`.`Channel`.`isActive` = ? AND `main`.`Channel`.`subscribers` >= ? AND `main`.`Channel`.`subscribers` <= ? AND `main`.`Channel`.`avgViewsPerVideo` >= ? AND `main`.`Channel`.`avgViewsPerVideo` <= ? AND `main`.`Channel`.`outlierScore` >= ? AND `main`.`Channel`.`outlierScore` <= ? AND `main`.`Channel`.`totalVideos` >= ? AND `main`.`Channel`.`totalVideos` <= ?) ORDER BY `main`.`Channel`.`createdAt` DESC LIMIT ? OFFSET ?
prisma:query SELECT `main`.`Video`.`id`, `main`.`Video`.`videoId`, `main`.`Video`.`channelId`, `main`.`Video`.`title`, `main`.`Video`.`thumbnailUrl`, `main`.`Video`.`views`, `main`.`Video`.`duration`, `main`.`Video`.`publishedAt` FROM `main`.`Video` WHERE `main`.`Video`.`channelId` IN (?,?,?,?,?,?,?,?,?,?,?,?,?,?,?,?,?,?,?,?) ORDER BY `main`.`Video`.`views` DESC LIMIT ? OFFSET ?
 GET /api/channels?type=long_form&filter=all&sort=created_at&order=desc&search=&page=1&limit=20&niches=&monetization=all&subsMin=0&subsMax=50000000&avgViewsMin=0&avgViewsMax=10000000&outlierMin=0&outlierMax=100&totalVideosMin=0&totalVideosMax=10000 200 in 68ms
prisma:query SELECT COUNT(*) FROM (SELECT `main`.`Channel`.`id` FROM `main`.`Channel` WHERE (`main`.`Channel`.`channelType` = ? AND `main`.`Channel`.`isActive` = ? AND `main`.`Channel`.`subscribers` >= ? AND `main`.`Channel`.`subscribers` <= ? AND `main`.`Channel`.`avgViewsPerVideo` >= ? AND `main`.`Channel`.`avgViewsPerVideo` <= ? AND `main`.`Channel`.`outlierScore` >= ? AND `main`.`Channel`.`outlierScore` <= ? AND `main`.`Channel`.`totalVideos` >= ? AND `main`.`Channel`.`totalVideos` <= ?) LIMIT ? OFFSET ?) AS `sub`
prisma:query SELECT `main`.`Channel`.`id`, `main`.`Channel`.`channelId`, `main`.`Channel`.`channelName`, `main`.`Channel`.`channelHandle`, `main`.`Channel`.`thumbnailUrl`, `main`.`Channel`.`subscribers`, `main`.`Channel`.`totalVideos`, `main`.`Channel`.`totalViews`, `main`.`Channel`.`channelType`, `main`.`Channel`.`niche`, `main`.`Channel`.`daysSinceStart`, `main`.`Channel`.`avgViewsPerVideo`, `main`.`Channel`.`outlierScore`, `main`.`Channel`.`isMonetized`, `main`.`Channel`.`isActive`, `main`.`Channel`.`sortOrder`, `main`.`Channel`.`createdAt`, `main`.`Channel`.`updatedAt` FROM `main`.`Channel` WHERE (`main`.`Channel`.`channelType` = ? AND `main`.`Channel`.`isActive` = ? AND `main`.`Channel`.`subscribers` >= ? AND `main`.`Channel`.`subscribers` <= ? AND `main`.`Channel`.`avgViewsPerVideo` >= ? AND `main`.`Channel`.`avgViewsPerVideo` <= ? AND `main`.`Channel`.`outlierScore` >= ? AND `main`.`Channel`.`outlierScore` <= ? AND `main`.`Channel`.`totalVideos` >= ? AND `main`.`Channel`.`totalVideos` <= ?) ORDER BY `main`.`Channel`.`createdAt` DESC LIMIT ? OFFSET ?
prisma:query SELECT `main`.`Video`.`id`, `main`.`Video`.`videoId`, `main`.`Video`.`channelId`, `main`.`Video`.`title`, `main`.`Video`.`thumbnailUrl`, `main`.`Video`.`views`, `main`.`Video`.`duration`, `main`.`Video`.`publishedAt` FROM `main`.`Video` WHERE `main`.`Video`.`channelId` IN (?,?,?,?,?,?,?,?,?,?,?,?,?,?,?,?,?,?,?,?) ORDER BY `main`.`Video`.`views` DESC LIMIT ? OFFSET ?
 GET /api/channels?type=long_form&filter=all&sort=created_at&order=desc&search=&page=1&limit=20&niches=&monetization=all&subsMin=0&subsMax=50000000&avgViewsMin=0&avgViewsMax=10000000&outlierMin=0&outlierMax=100&totalVideosMin=0&totalVideosMax=10000 200 in 20ms
prisma:query SELECT 1
prisma:query SELECT `main`.`User`.`id`, `main`.`User`.`role`, `main`.`User`.`status` FROM `main`.`User` WHERE (`main`.`User`.`email` = ? AND 1=1) LIMIT ? OFFSET ?
 GET /api/auth/session 200 in 79ms
prisma:query SELECT `main`.`User`.`id`, `main`.`User`.`role`, `main`.`User`.`status` FROM `main`.`User` WHERE (`main`.`User`.`email` = ? AND 1=1) LIMIT ? OFFSET ?
 GET /api/auth/session 200 in 33ms
prisma:query SELECT 1
prisma:query SELECT `main`.`User`.`id`, `main`.`User`.`role`, `main`.`User`.`status` FROM `main`.`User` WHERE (`main`.`User`.`email` = ? AND 1=1) LIMIT ? OFFSET ?
 GET /api/auth/session 200 in 38ms
prisma:query SELECT 1
prisma:query SELECT `main`.`User`.`id`, `main`.`User`.`role`, `main`.`User`.`status` FROM `main`.`User` WHERE (`main`.`User`.`email` = ? AND 1=1) LIMIT ? OFFSET ?
 GET /channels/long-form 200 in 85ms
prisma:query SELECT 1
prisma:query SELECT COUNT(*) FROM (SELECT `main`.`Channel`.`id` FROM `main`.`Channel` WHERE (`main`.`Channel`.`channelType` = ? AND `main`.`Channel`.`isActive` = ? AND `main`.`Channel`.`subscribers` >= ? AND `main`.`Channel`.`subscribers` <= ? AND `main`.`Channel`.`avgViewsPerVideo` >= ? AND `main`.`Channel`.`avgViewsPerVideo` <= ? AND `main`.`Channel`.`outlierScore` >= ? AND `main`.`Channel`.`outlierScore` <= ? AND `main`.`Channel`.`totalVideos` >= ? AND `main`.`Channel`.`totalVideos` <= ?) LIMIT ? OFFSET ?) AS `sub`
prisma:query SELECT `main`.`Channel`.`id`, `main`.`Channel`.`channelId`, `main`.`Channel`.`channelName`, `main`.`Channel`.`channelHandle`, `main`.`Channel`.`thumbnailUrl`, `main`.`Channel`.`subscribers`, `main`.`Channel`.`totalVideos`, `main`.`Channel`.`totalViews`, `main`.`Channel`.`channelType`, `main`.`Channel`.`niche`, `main`.`Channel`.`daysSinceStart`, `main`.`Channel`.`avgViewsPerVideo`, `main`.`Channel`.`outlierScore`, `main`.`Channel`.`isMonetized`, `main`.`Channel`.`isActive`, `main`.`Channel`.`sortOrder`, `main`.`Channel`.`createdAt`, `main`.`Channel`.`updatedAt` FROM `main`.`Channel` WHERE (`main`.`Channel`.`channelType` = ? AND `main`.`Channel`.`isActive` = ? AND `main`.`Channel`.`subscribers` >= ? AND `main`.`Channel`.`subscribers` <= ? AND `main`.`Channel`.`avgViewsPerVideo` >= ? AND `main`.`Channel`.`avgViewsPerVideo` <= ? AND `main`.`Channel`.`outlierScore` >= ? AND `main`.`Channel`.`outlierScore` <= ? AND `main`.`Channel`.`totalVideos` >= ? AND `main`.`Channel`.`totalVideos` <= ?) ORDER BY `main`.`Channel`.`createdAt` DESC LIMIT ? OFFSET ?
prisma:query SELECT `main`.`Video`.`id`, `main`.`Video`.`videoId`, `main`.`Video`.`channelId`, `main`.`Video`.`title`, `main`.`Video`.`thumbnailUrl`, `main`.`Video`.`views`, `main`.`Video`.`duration`, `main`.`Video`.`publishedAt` FROM `main`.`Video` WHERE `main`.`Video`.`channelId` IN (?,?,?,?,?,?,?,?,?,?,?,?,?,?,?,?,?,?,?,?) ORDER BY `main`.`Video`.`views` DESC LIMIT ? OFFSET ?
 GET /api/channels?type=long_form&filter=all&sort=created_at&order=desc&search=&page=1&limit=20&niches=&monetization=all&subsMin=0&subsMax=50000000&avgViewsMin=0&avgViewsMax=10000000&outlierMin=0&outlierMax=100&totalVideosMin=0&totalVideosMax=10000 200 in 67ms
prisma:query SELECT `main`.`User`.`id`, `main`.`User`.`role`, `main`.`User`.`status` FROM `main`.`User` WHERE (`main`.`User`.`email` = ? AND 1=1) LIMIT ? OFFSET ?
 GET /api/auth/session 200 in 72ms
prisma:query SELECT COUNT(*) FROM (SELECT `main`.`Channel`.`id` FROM `main`.`Channel` WHERE (`main`.`Channel`.`channelType` = ? AND `main`.`Channel`.`isActive` = ? AND `main`.`Channel`.`subscribers` >= ? AND `main`.`Channel`.`subscribers` <= ? AND `main`.`Channel`.`avgViewsPerVideo` >= ? AND `main`.`Channel`.`avgViewsPerVideo` <= ? AND `main`.`Channel`.`outlierScore` >= ? AND `main`.`Channel`.`outlierScore` <= ? AND `main`.`Channel`.`totalVideos` >= ? AND `main`.`Channel`.`totalVideos` <= ?) LIMIT ? OFFSET ?) AS `sub`
prisma:query SELECT `main`.`Channel`.`id`, `main`.`Channel`.`channelId`, `main`.`Channel`.`channelName`, `main`.`Channel`.`channelHandle`, `main`.`Channel`.`thumbnailUrl`, `main`.`Channel`.`subscribers`, `main`.`Channel`.`totalVideos`, `main`.`Channel`.`totalViews`, `main`.`Channel`.`channelType`, `main`.`Channel`.`niche`, `main`.`Channel`.`daysSinceStart`, `main`.`Channel`.`avgViewsPerVideo`, `main`.`Channel`.`outlierScore`, `main`.`Channel`.`isMonetized`, `main`.`Channel`.`isActive`, `main`.`Channel`.`sortOrder`, `main`.`Channel`.`createdAt`, `main`.`Channel`.`updatedAt` FROM `main`.`Channel` WHERE (`main`.`Channel`.`channelType` = ? AND `main`.`Channel`.`isActive` = ? AND `main`.`Channel`.`subscribers` >= ? AND `main`.`Channel`.`subscribers` <= ? AND `main`.`Channel`.`avgViewsPerVideo` >= ? AND `main`.`Channel`.`avgViewsPerVideo` <= ? AND `main`.`Channel`.`outlierScore` >= ? AND `main`.`Channel`.`outlierScore` <= ? AND `main`.`Channel`.`totalVideos` >= ? AND `main`.`Channel`.`totalVideos` <= ?) ORDER BY `main`.`Channel`.`createdAt` DESC LIMIT ? OFFSET ?
prisma:query SELECT `main`.`Video`.`id`, `main`.`Video`.`videoId`, `main`.`Video`.`channelId`, `main`.`Video`.`title`, `main`.`Video`.`thumbnailUrl`, `main`.`Video`.`views`, `main`.`Video`.`duration`, `main`.`Video`.`publishedAt` FROM `main`.`Video` WHERE `main`.`Video`.`channelId` IN (?,?,?,?,?,?,?,?,?,?,?,?,?,?,?,?,?,?,?,?) ORDER BY `main`.`Video`.`views` DESC LIMIT ? OFFSET ?
 GET /api/channels?type=long_form&filter=all&sort=created_at&order=desc&search=&page=1&limit=20&niches=&monetization=all&subsMin=0&subsMax=50000000&avgViewsMin=0&avgViewsMax=10000000&outlierMin=0&outlierMax=100&totalVideosMin=0&totalVideosMax=10000 200 in 34ms
prisma:query SELECT COUNT(*) FROM (SELECT `main`.`Channel`.`id` FROM `main`.`Channel` WHERE (`main`.`Channel`.`channelType` = ? AND `main`.`Channel`.`isActive` = ? AND `main`.`Channel`.`niche` IN (?) AND `main`.`Channel`.`subscribers` >= ? AND `main`.`Channel`.`subscribers` <= ? AND `main`.`Channel`.`avgViewsPerVideo` >= ? AND `main`.`Channel`.`avgViewsPerVideo` <= ? AND `main`.`Channel`.`outlierScore` >= ? AND `main`.`Channel`.`outlierScore` <= ? AND `main`.`Channel`.`totalVideos` >= ? AND `main`.`Channel`.`totalVideos` <= ?) LIMIT ? OFFSET ?) AS `sub`
prisma:query SELECT `main`.`Channel`.`id`, `main`.`Channel`.`channelId`, `main`.`Channel`.`channelName`, `main`.`Channel`.`channelHandle`, `main`.`Channel`.`thumbnailUrl`, `main`.`Channel`.`subscribers`, `main`.`Channel`.`totalVideos`, `main`.`Channel`.`totalViews`, `main`.`Channel`.`channelType`, `main`.`Channel`.`niche`, `main`.`Channel`.`daysSinceStart`, `main`.`Channel`.`avgViewsPerVideo`, `main`.`Channel`.`outlierScore`, `main`.`Channel`.`isMonetized`, `main`.`Channel`.`isActive`, `main`.`Channel`.`sortOrder`, `main`.`Channel`.`createdAt`, `main`.`Channel`.`updatedAt` FROM `main`.`Channel` WHERE (`main`.`Channel`.`channelType` = ? AND `main`.`Channel`.`isActive` = ? AND `main`.`Channel`.`niche` IN (?) AND `main`.`Channel`.`subscribers` >= ? AND `main`.`Channel`.`subscribers` <= ? AND `main`.`Channel`.`avgViewsPerVideo` >= ? AND `main`.`Channel`.`avgViewsPerVideo` <= ? AND `main`.`Channel`.`outlierScore` >= ? AND `main`.`Channel`.`outlierScore` <= ? AND `main`.`Channel`.`totalVideos` >= ? AND `main`.`Channel`.`totalVideos` <= ?) ORDER BY `main`.`Channel`.`createdAt` DESC LIMIT ? OFFSET ?
prisma:query SELECT `main`.`Video`.`id`, `main`.`Video`.`videoId`, `main`.`Video`.`channelId`, `main`.`Video`.`title`, `main`.`Video`.`thumbnailUrl`, `main`.`Video`.`views`, `main`.`Video`.`duration`, `main`.`Video`.`publishedAt` FROM `main`.`Video` WHERE `main`.`Video`.`channelId` IN (?,?,?,?,?,?,?) ORDER BY `main`.`Video`.`views` DESC LIMIT ? OFFSET ?
 GET /api/channels?type=long_form&filter=all&sort=created_at&order=desc&search=&page=1&limit=20&niches=Exploration&monetization=all&subsMin=0&subsMax=50000000&avgViewsMin=0&avgViewsMax=10000000&outlierMin=0&outlierMax=100&totalVideosMin=0&totalVideosMax=10000 200 in 13ms
prisma:query SELECT 1
prisma:query SELECT 1
prisma:query SELECT COUNT(*) FROM (SELECT `main`.`Channel`.`id` FROM `main`.`Channel` WHERE (`main`.`Channel`.`channelType` = ? AND `main`.`Channel`.`isActive` = ? AND `main`.`Channel`.`subscribers` >= ? AND `main`.`Channel`.`subscribers` <= ? AND `main`.`Channel`.`avgViewsPerVideo` >= ? AND `main`.`Channel`.`avgViewsPerVideo` <= ? AND `main`.`Channel`.`outlierScore` >= ? AND `main`.`Channel`.`outlierScore` <= ? AND `main`.`Channel`.`totalVideos` >= ? AND `main`.`Channel`.`totalVideos` <= ?) LIMIT ? OFFSET ?) AS `sub`
prisma:query SELECT `main`.`Channel`.`id`, `main`.`Channel`.`channelId`, `main`.`Channel`.`channelName`, `main`.`Channel`.`channelHandle`, `main`.`Channel`.`thumbnailUrl`, `main`.`Channel`.`subscribers`, `main`.`Channel`.`totalVideos`, `main`.`Channel`.`totalViews`, `main`.`Channel`.`channelType`, `main`.`Channel`.`niche`, `main`.`Channel`.`daysSinceStart`, `main`.`Channel`.`avgViewsPerVideo`, `main`.`Channel`.`outlierScore`, `main`.`Channel`.`isMonetized`, `main`.`Channel`.`isActive`, `main`.`Channel`.`sortOrder`, `main`.`Channel`.`createdAt`, `main`.`Channel`.`updatedAt` FROM `main`.`Channel` WHERE (`main`.`Channel`.`channelType` = ? AND `main`.`Channel`.`isActive` = ? AND `main`.`Channel`.`subscribers` >= ? AND `main`.`Channel`.`subscribers` <= ? AND `main`.`Channel`.`avgViewsPerVideo` >= ? AND `main`.`Channel`.`avgViewsPerVideo` <= ? AND `main`.`Channel`.`outlierScore` >= ? AND `main`.`Channel`.`outlierScore` <= ? AND `main`.`Channel`.`totalVideos` >= ? AND `main`.`Channel`.`totalVideos` <= ?) ORDER BY `main`.`Channel`.`createdAt` DESC LIMIT ? OFFSET ?
prisma:query SELECT `main`.`Video`.`id`, `main`.`Video`.`videoId`, `main`.`Video`.`channelId`, `main`.`Video`.`title`, `main`.`Video`.`thumbnailUrl`, `main`.`Video`.`views`, `main`.`Video`.`duration`, `main`.`Video`.`publishedAt` FROM `main`.`Video` WHERE `main`.`Video`.`channelId` IN (?,?,?,?,?,?,?,?,?,?,?,?,?,?,?,?,?,?,?,?) ORDER BY `main`.`Video`.`views` DESC LIMIT ? OFFSET ?
 GET /api/channels?type=long_form&filter=all&sort=created_at&order=desc&search=&page=1&limit=20&niches=&monetization=all&subsMin=0&subsMax=50000000&avgViewsMin=0&avgViewsMax=10000000&outlierMin=0&outlierMax=100&totalVideosMin=0&totalVideosMax=10000 200 in 46ms
prisma:query SELECT `main`.`User`.`id`, `main`.`User`.`role`, `main`.`User`.`status` FROM `main`.`User` WHERE (`main`.`User`.`email` = ? AND 1=1) LIMIT ? OFFSET ?
 GET /channels/long-form 200 in 62ms
prisma:query SELECT COUNT(*) FROM (SELECT `main`.`Channel`.`id` FROM `main`.`Channel` WHERE (`main`.`Channel`.`channelType` = ? AND `main`.`Channel`.`isActive` = ? AND `main`.`Channel`.`subscribers` >= ? AND `main`.`Channel`.`subscribers` <= ? AND `main`.`Channel`.`avgViewsPerVideo` >= ? AND `main`.`Channel`.`avgViewsPerVideo` <= ? AND `main`.`Channel`.`outlierScore` >= ? AND `main`.`Channel`.`outlierScore` <= ? AND `main`.`Channel`.`totalVideos` >= ? AND `main`.`Channel`.`totalVideos` <= ?) LIMIT ? OFFSET ?) AS `sub`
prisma:query SELECT `main`.`Channel`.`id`, `main`.`Channel`.`channelId`, `main`.`Channel`.`channelName`, `main`.`Channel`.`channelHandle`, `main`.`Channel`.`thumbnailUrl`, `main`.`Channel`.`subscribers`, `main`.`Channel`.`totalVideos`, `main`.`Channel`.`totalViews`, `main`.`Channel`.`channelType`, `main`.`Channel`.`niche`, `main`.`Channel`.`daysSinceStart`, `main`.`Channel`.`avgViewsPerVideo`, `main`.`Channel`.`outlierScore`, `main`.`Channel`.`isMonetized`, `main`.`Channel`.`isActive`, `main`.`Channel`.`sortOrder`, `main`.`Channel`.`createdAt`, `main`.`Channel`.`updatedAt` FROM `main`.`Channel` WHERE (`main`.`Channel`.`channelType` = ? AND `main`.`Channel`.`isActive` = ? AND `main`.`Channel`.`subscribers` >= ? AND `main`.`Channel`.`subscribers` <= ? AND `main`.`Channel`.`avgViewsPerVideo` >= ? AND `main`.`Channel`.`avgViewsPerVideo` <= ? AND `main`.`Channel`.`outlierScore` >= ? AND `main`.`Channel`.`outlierScore` <= ? AND `main`.`Channel`.`totalVideos` >= ? AND `main`.`Channel`.`totalVideos` <= ?) ORDER BY `main`.`Channel`.`createdAt` DESC LIMIT ? OFFSET ?
prisma:query SELECT `main`.`Video`.`id`, `main`.`Video`.`videoId`, `main`.`Video`.`channelId`, `main`.`Video`.`title`, `main`.`Video`.`thumbnailUrl`, `main`.`Video`.`views`, `main`.`Video`.`duration`, `main`.`Video`.`publishedAt` FROM `main`.`Video` WHERE `main`.`Video`.`channelId` IN (?,?,?,?,?,?,?,?,?,?,?,?,?,?,?,?,?,?,?,?) ORDER BY `main`.`Video`.`views` DESC LIMIT ? OFFSET ?
 GET /api/channels?type=long_form&filter=all&sort=created_at&order=desc&search=&page=1&limit=20&niches=&monetization=all&subsMin=0&subsMax=50000000&avgViewsMin=0&avgViewsMax=10000000&outlierMin=0&outlierMax=100&totalVideosMin=0&totalVideosMax=10000 200 in 63ms
prisma:query SELECT `main`.`User`.`id`, `main`.`User`.`role`, `main`.`User`.`status` FROM `main`.`User` WHERE (`main`.`User`.`email` = ? AND 1=1) LIMIT ? OFFSET ?
 GET /api/auth/session 200 in 64ms
prisma:query SELECT COUNT(*) FROM (SELECT `main`.`Channel`.`id` FROM `main`.`Channel` WHERE (`main`.`Channel`.`channelType` = ? AND `main`.`Channel`.`isActive` = ? AND `main`.`Channel`.`subscribers` >= ? AND `main`.`Channel`.`subscribers` <= ? AND `main`.`Channel`.`avgViewsPerVideo` >= ? AND `main`.`Channel`.`avgViewsPerVideo` <= ? AND `main`.`Channel`.`outlierScore` >= ? AND `main`.`Channel`.`outlierScore` <= ? AND `main`.`Channel`.`totalVideos` >= ? AND `main`.`Channel`.`totalVideos` <= ?) LIMIT ? OFFSET ?) AS `sub`
prisma:query SELECT `main`.`Channel`.`id`, `main`.`Channel`.`channelId`, `main`.`Channel`.`channelName`, `main`.`Channel`.`channelHandle`, `main`.`Channel`.`thumbnailUrl`, `main`.`Channel`.`subscribers`, `main`.`Channel`.`totalVideos`, `main`.`Channel`.`totalViews`, `main`.`Channel`.`channelType`, `main`.`Channel`.`niche`, `main`.`Channel`.`daysSinceStart`, `main`.`Channel`.`avgViewsPerVideo`, `main`.`Channel`.`outlierScore`, `main`.`Channel`.`isMonetized`, `main`.`Channel`.`isActive`, `main`.`Channel`.`sortOrder`, `main`.`Channel`.`createdAt`, `main`.`Channel`.`updatedAt` FROM `main`.`Channel` WHERE (`main`.`Channel`.`channelType` = ? AND `main`.`Channel`.`isActive` = ? AND `main`.`Channel`.`subscribers` >= ? AND `main`.`Channel`.`subscribers` <= ? AND `main`.`Channel`.`avgViewsPerVideo` >= ? AND `main`.`Channel`.`avgViewsPerVideo` <= ? AND `main`.`Channel`.`outlierScore` >= ? AND `main`.`Channel`.`outlierScore` <= ? AND `main`.`Channel`.`totalVideos` >= ? AND `main`.`Channel`.`totalVideos` <= ?) ORDER BY `main`.`Channel`.`createdAt` DESC LIMIT ? OFFSET ?
prisma:query SELECT `main`.`Video`.`id`, `main`.`Video`.`videoId`, `main`.`Video`.`channelId`, `main`.`Video`.`title`, `main`.`Video`.`thumbnailUrl`, `main`.`Video`.`views`, `main`.`Video`.`duration`, `main`.`Video`.`publishedAt` FROM `main`.`Video` WHERE `main`.`Video`.`channelId` IN (?,?,?,?,?,?,?,?,?,?,?,?,?,?,?,?,?,?,?,?) ORDER BY `main`.`Video`.`views` DESC LIMIT ? OFFSET ?
 GET /api/channels?type=long_form&filter=all&sort=created_at&order=desc&search=&page=1&limit=20&niches=&monetization=all&subsMin=0&subsMax=50000000&avgViewsMin=0&avgViewsMax=10000000&outlierMin=0&outlierMax=100&totalVideosMin=0&totalVideosMax=10000 200 in 35ms
prisma:query SELECT 1
prisma:query SELECT `main`.`User`.`id`, `main`.`User`.`role`, `main`.`User`.`status` FROM `main`.`User` WHERE (`main`.`User`.`email` = ? AND 1=1) LIMIT ? OFFSET ?
 GET /api/auth/session 200 in 69ms
